2025-02-26T21:31:42.066+09:00  INFO 9400 --- [kb6-back] [main] com.tetz.kb6_back.Kb6BackApplication     : Starting Kb6BackApplication using Java 17.0.11 with PID 9400 (D:\git\kb6-back\kb6-back\build\classes\java\main started by lhs in D:\git\kb6-back)
2025-02-26T21:31:42.069+09:00  INFO 9400 --- [kb6-back] [main] com.tetz.kb6_back.Kb6BackApplication     : No active profile set, falling back to 1 default profile: "default"
2025-02-26T21:31:42.791+09:00  INFO 9400 --- [kb6-back] [main] .s.d.r.c.RepositoryConfigurationDelegate : Multiple Spring Data modules found, entering strict repository configuration mode
2025-02-26T21:31:42.794+09:00  INFO 9400 --- [kb6-back] [main] .s.d.r.c.RepositoryConfigurationDelegate : Bootstrapping Spring Data JPA repositories in DEFAULT mode.
2025-02-26T21:31:42.977+09:00  INFO 9400 --- [kb6-back] [main] .s.d.r.c.RepositoryConfigurationDelegate : Finished Spring Data repository scanning in 163 ms. Found 1 JPA repository interface.
2025-02-26T21:31:42.993+09:00  INFO 9400 --- [kb6-back] [main] .s.d.r.c.RepositoryConfigurationDelegate : Multiple Spring Data modules found, entering strict repository configuration mode
2025-02-26T21:31:42.995+09:00  INFO 9400 --- [kb6-back] [main] .s.d.r.c.RepositoryConfigurationDelegate : Bootstrapping Spring Data Redis repositories in DEFAULT mode.
2025-02-26T21:31:43.008+09:00  INFO 9400 --- [kb6-back] [main] .RepositoryConfigurationExtensionSupport : Spring Data Redis - Could not safely identify store assignment for repository candidate interface com.tetz.kb6_back.repository.UserSQLRepository; If you want this repository to be a Redis repository, consider annotating your entities with one of these annotations: org.springframework.data.redis.core.RedisHash (preferred), or consider extending one of the following types with your repository: org.springframework.data.keyvalue.repository.KeyValueRepository
2025-02-26T21:31:43.009+09:00  INFO 9400 --- [kb6-back] [main] .s.d.r.c.RepositoryConfigurationDelegate : Finished Spring Data repository scanning in 6 ms. Found 0 Redis repository interfaces.
2025-02-26T21:31:43.569+09:00  INFO 9400 --- [kb6-back] [main] o.s.b.w.embedded.tomcat.TomcatWebServer  : Tomcat initialized with port 8080 (http)
2025-02-26T21:31:43.579+09:00  INFO 9400 --- [kb6-back] [main] o.apache.catalina.core.StandardService   : Starting service [Tomcat]
2025-02-26T21:31:43.579+09:00  INFO 9400 --- [kb6-back] [main] o.apache.catalina.core.StandardEngine    : Starting Servlet engine: [Apache Tomcat/10.1.34]
2025-02-26T21:31:43.639+09:00  INFO 9400 --- [kb6-back] [main] o.a.c.c.C.[Tomcat].[localhost].[/]       : Initializing Spring embedded WebApplicationContext
2025-02-26T21:31:43.640+09:00  INFO 9400 --- [kb6-back] [main] w.s.c.ServletWebServerApplicationContext : Root WebApplicationContext: initialization completed in 1514 ms
2025-02-26T21:31:43.793+09:00  INFO 9400 --- [kb6-back] [main] o.hibernate.jpa.internal.util.LogHelper  : HHH000204: Processing PersistenceUnitInfo [name: default]
2025-02-26T21:31:43.844+09:00  INFO 9400 --- [kb6-back] [main] org.hibernate.Version                    : HHH000412: Hibernate ORM core version 6.6.5.Final
2025-02-26T21:31:43.876+09:00  INFO 9400 --- [kb6-back] [main] o.h.c.internal.RegionFactoryInitiator    : HHH000026: Second-level cache disabled
2025-02-26T21:31:44.158+09:00  INFO 9400 --- [kb6-back] [main] o.s.o.j.p.SpringPersistenceUnitInfo      : No LoadTimeWeaver setup: ignoring JPA class transformer
2025-02-26T21:31:44.189+09:00  INFO 9400 --- [kb6-back] [main] com.zaxxer.hikari.HikariDataSource       : HikariPool-1 - Starting...
2025-02-26T21:31:44.334+09:00  INFO 9400 --- [kb6-back] [main] com.zaxxer.hikari.pool.HikariPool        : HikariPool-1 - Added connection com.mysql.cj.jdbc.ConnectionImpl@5a82bc58
2025-02-26T21:31:44.336+09:00  INFO 9400 --- [kb6-back] [main] com.zaxxer.hikari.HikariDataSource       : HikariPool-1 - Start completed.
2025-02-26T21:31:44.370+09:00  WARN 9400 --- [kb6-back] [main] org.hibernate.orm.deprecation            : HHH90000025: MySQL8Dialect does not need to be specified explicitly using 'hibernate.dialect' (remove the property setting and it will be selected by default)
2025-02-26T21:31:44.372+09:00  WARN 9400 --- [kb6-back] [main] org.hibernate.orm.deprecation            : HHH90000026: MySQL8Dialect has been deprecated; use org.hibernate.dialect.MySQLDialect instead
2025-02-26T21:31:44.391+09:00  INFO 9400 --- [kb6-back] [main] org.hibernate.orm.connections.pooling    : HHH10001005: Database info:
	Database JDBC URL [Connecting through datasource 'HikariDataSource (HikariPool-1)']
	Database driver: undefined/unknown
	Database version: 8.0
	Autocommit mode: undefined/unknown
	Isolation level: undefined/unknown
	Minimum pool size: undefined/unknown
	Maximum pool size: undefined/unknown
2025-02-26T21:31:44.991+09:00  INFO 9400 --- [kb6-back] [main] o.h.e.t.j.p.i.JtaPlatformInitiator       : HHH000489: No JTA platform available (set 'hibernate.transaction.jta.platform' to enable JTA platform integration)
2025-02-26T21:31:45.029+09:00  INFO 9400 --- [kb6-back] [main] j.LocalContainerEntityManagerFactoryBean : Initialized JPA EntityManagerFactory for persistence unit 'default'
2025-02-26T21:31:45.467+09:00  WARN 9400 --- [kb6-back] [main] JpaBaseConfiguration$JpaWebConfiguration : spring.jpa.open-in-view is enabled by default. Therefore, database queries may be performed during view rendering. Explicitly configure spring.jpa.open-in-view to disable this warning
2025-02-26T21:31:45.834+09:00  INFO 9400 --- [kb6-back] [main] o.s.b.w.embedded.tomcat.TomcatWebServer  : Tomcat started on port 8080 (http) with context path '/'
2025-02-26T21:31:45.843+09:00  INFO 9400 --- [kb6-back] [main] com.tetz.kb6_back.Kb6BackApplication     : Started Kb6BackApplication in 4.377 seconds (process running for 4.718)
2025-02-26T21:31:50.378+09:00  INFO 9400 --- [kb6-back] [http-nio-8080-exec-2] o.a.c.c.C.[Tomcat].[localhost].[/]       : Initializing Spring DispatcherServlet 'dispatcherServlet'
2025-02-26T21:31:50.378+09:00  INFO 9400 --- [kb6-back] [http-nio-8080-exec-2] o.s.web.servlet.DispatcherServlet        : Initializing Servlet 'dispatcherServlet'
2025-02-26T21:31:50.379+09:00  INFO 9400 --- [kb6-back] [http-nio-8080-exec-2] o.s.web.servlet.DispatcherServlet        : Completed initialization in 1 ms
2025-02-26T21:31:50.412+09:00  INFO 9400 --- [kb6-back] [http-nio-8080-exec-2] c.t.k.service.PerformanceTestService     : 시작: Redis vs MySQL 성능 비교 테스트 (데이터 수: 1)
2025-02-26T21:31:50.844+09:00  INFO 9400 --- [kb6-back] [http-nio-8080-exec-2] c.t.k.service.PerformanceTestService     : Redis 저장 시간: 350 ms
2025-02-26T21:31:50.844+09:00  INFO 9400 --- [kb6-back] [http-nio-8080-exec-2] c.t.k.service.PerformanceTestService     : MySQL 저장 시간: 80 ms
2025-02-26T21:31:50.844+09:00  INFO 9400 --- [kb6-back] [http-nio-8080-exec-2] c.t.k.service.PerformanceTestService     : 저장 속도 비율: MySQL/Redis = 0.22857142857142856
2025-02-26T21:31:50.881+09:00  INFO 9400 --- [kb6-back] [http-nio-8080-exec-2] c.t.k.service.PerformanceTestService     : Redis 조회 시간: 28 ms
2025-02-26T21:31:50.881+09:00  INFO 9400 --- [kb6-back] [http-nio-8080-exec-2] c.t.k.service.PerformanceTestService     : MySQL 조회 시간: 4 ms
2025-02-26T21:31:50.881+09:00  INFO 9400 --- [kb6-back] [http-nio-8080-exec-2] c.t.k.service.PerformanceTestService     : 조회 속도 비율: MySQL/Redis = 0.14285714285714285
2025-02-26T21:31:50.881+09:00  INFO 9400 --- [kb6-back] [http-nio-8080-exec-2] c.t.k.service.PerformanceTestService     : 대량 데이터 개별 조회 테스트 시작...
2025-02-26T21:31:50.888+09:00  INFO 9400 --- [kb6-back] [http-nio-8080-exec-2] c.t.k.service.PerformanceTestService     : Redis 대량 조회 시간: 0 ms
2025-02-26T21:31:50.888+09:00  INFO 9400 --- [kb6-back] [http-nio-8080-exec-2] c.t.k.service.PerformanceTestService     : MySQL 대량 조회 시간: 0 ms
2025-02-26T21:31:50.888+09:00  INFO 9400 --- [kb6-back] [http-nio-8080-exec-2] c.t.k.service.PerformanceTestService     : 대량 조회 속도 비율: MySQL/Redis = NaN
2025-02-26T21:31:50.888+09:00  INFO 9400 --- [kb6-back] [http-nio-8080-exec-2] c.t.k.service.PerformanceTestService     : MySQL 전체 조회 테스트 시작...
2025-02-26T21:31:50.967+09:00  INFO 9400 --- [kb6-back] [http-nio-8080-exec-2] c.t.k.service.PerformanceTestService     : MySQL 전체 조회 시간: 73 ms
2025-02-26T21:31:50.968+09:00  INFO 9400 --- [kb6-back] [http-nio-8080-exec-2] c.t.k.service.PerformanceTestService     : 테스트 완료!
2025-02-26T21:32:30.265+09:00  INFO 9400 --- [kb6-back] [http-nio-8080-exec-5] c.t.k.service.PerformanceTestService     : 시작: Redis vs MySQL 성능 비교 테스트 (데이터 수: 10000)
2025-02-26T21:32:58.923+09:00  INFO 9400 --- [kb6-back] [http-nio-8080-exec-5] c.t.k.service.PerformanceTestService     : Redis 저장 시간: 1244 ms
2025-02-26T21:32:58.923+09:00  INFO 9400 --- [kb6-back] [http-nio-8080-exec-5] c.t.k.service.PerformanceTestService     : MySQL 저장 시간: 27413 ms
2025-02-26T21:32:58.923+09:00  INFO 9400 --- [kb6-back] [http-nio-8080-exec-5] c.t.k.service.PerformanceTestService     : 저장 속도 비율: MySQL/Redis = 22.036173633440516
2025-02-26T21:33:18.354+09:00  INFO 9400 --- [kb6-back] [http-nio-8080-exec-5] c.t.k.service.PerformanceTestService     : Redis 조회 시간: 999 ms
2025-02-26T21:33:18.354+09:00  INFO 9400 --- [kb6-back] [http-nio-8080-exec-5] c.t.k.service.PerformanceTestService     : MySQL 조회 시간: 3595 ms
2025-02-26T21:33:18.354+09:00  INFO 9400 --- [kb6-back] [http-nio-8080-exec-5] c.t.k.service.PerformanceTestService     : 조회 속도 비율: MySQL/Redis = 3.5985985985985987
2025-02-26T21:33:18.354+09:00  INFO 9400 --- [kb6-back] [http-nio-8080-exec-5] c.t.k.service.PerformanceTestService     : 대량 데이터 개별 조회 테스트 시작...
2025-02-26T21:34:10.857+09:00  INFO 9400 --- [kb6-back] [http-nio-8080-exec-5] c.t.k.service.PerformanceTestService     : Redis 대량 조회 시간: 796 ms
2025-02-26T21:34:10.857+09:00  INFO 9400 --- [kb6-back] [http-nio-8080-exec-5] c.t.k.service.PerformanceTestService     : MySQL 대량 조회 시간: 5359 ms
2025-02-26T21:34:10.857+09:00  INFO 9400 --- [kb6-back] [http-nio-8080-exec-5] c.t.k.service.PerformanceTestService     : 대량 조회 속도 비율: MySQL/Redis = 6.732412060301508
2025-02-26T21:34:10.857+09:00  INFO 9400 --- [kb6-back] [http-nio-8080-exec-5] c.t.k.service.PerformanceTestService     : MySQL 전체 조회 테스트 시작...
2025-02-26T21:35:16.801+09:00  INFO 9400 --- [kb6-back] [http-nio-8080-exec-5] c.t.k.service.PerformanceTestService     : MySQL 전체 조회 시간: 106 ms
2025-02-26T21:35:16.802+09:00  INFO 9400 --- [kb6-back] [http-nio-8080-exec-5] c.t.k.service.PerformanceTestService     : 테스트 완료!
2025-02-26T21:36:38.688+09:00  INFO 9508 --- [kb6-back] [main] com.tetz.kb6_back.Kb6BackApplication     : Starting Kb6BackApplication using Java 17.0.11 with PID 9508 (D:\git\kb6-back\kb6-back\build\classes\java\main started by lhs in D:\git\kb6-back)
2025-02-26T21:36:38.691+09:00  INFO 9508 --- [kb6-back] [main] com.tetz.kb6_back.Kb6BackApplication     : No active profile set, falling back to 1 default profile: "default"
2025-02-26T21:36:39.430+09:00  INFO 9508 --- [kb6-back] [main] .s.d.r.c.RepositoryConfigurationDelegate : Multiple Spring Data modules found, entering strict repository configuration mode
2025-02-26T21:36:39.433+09:00  INFO 9508 --- [kb6-back] [main] .s.d.r.c.RepositoryConfigurationDelegate : Bootstrapping Spring Data JPA repositories in DEFAULT mode.
2025-02-26T21:36:39.570+09:00  INFO 9508 --- [kb6-back] [main] .s.d.r.c.RepositoryConfigurationDelegate : Finished Spring Data repository scanning in 117 ms. Found 1 JPA repository interface.
2025-02-26T21:36:39.585+09:00  INFO 9508 --- [kb6-back] [main] .s.d.r.c.RepositoryConfigurationDelegate : Multiple Spring Data modules found, entering strict repository configuration mode
2025-02-26T21:36:39.586+09:00  INFO 9508 --- [kb6-back] [main] .s.d.r.c.RepositoryConfigurationDelegate : Bootstrapping Spring Data Redis repositories in DEFAULT mode.
2025-02-26T21:36:39.598+09:00  INFO 9508 --- [kb6-back] [main] .RepositoryConfigurationExtensionSupport : Spring Data Redis - Could not safely identify store assignment for repository candidate interface com.tetz.kb6_back.repository.UserSQLRepository; If you want this repository to be a Redis repository, consider annotating your entities with one of these annotations: org.springframework.data.redis.core.RedisHash (preferred), or consider extending one of the following types with your repository: org.springframework.data.keyvalue.repository.KeyValueRepository
2025-02-26T21:36:39.599+09:00  INFO 9508 --- [kb6-back] [main] .s.d.r.c.RepositoryConfigurationDelegate : Finished Spring Data repository scanning in 5 ms. Found 0 Redis repository interfaces.
2025-02-26T21:36:40.140+09:00  INFO 9508 --- [kb6-back] [main] o.s.b.w.embedded.tomcat.TomcatWebServer  : Tomcat initialized with port 8080 (http)
2025-02-26T21:36:40.151+09:00  INFO 9508 --- [kb6-back] [main] o.apache.catalina.core.StandardService   : Starting service [Tomcat]
2025-02-26T21:36:40.151+09:00  INFO 9508 --- [kb6-back] [main] o.apache.catalina.core.StandardEngine    : Starting Servlet engine: [Apache Tomcat/10.1.34]
2025-02-26T21:36:40.221+09:00  INFO 9508 --- [kb6-back] [main] o.a.c.c.C.[Tomcat].[localhost].[/]       : Initializing Spring embedded WebApplicationContext
2025-02-26T21:36:40.221+09:00  INFO 9508 --- [kb6-back] [main] w.s.c.ServletWebServerApplicationContext : Root WebApplicationContext: initialization completed in 1477 ms
2025-02-26T21:36:40.374+09:00  INFO 9508 --- [kb6-back] [main] o.hibernate.jpa.internal.util.LogHelper  : HHH000204: Processing PersistenceUnitInfo [name: default]
2025-02-26T21:36:40.428+09:00  INFO 9508 --- [kb6-back] [main] org.hibernate.Version                    : HHH000412: Hibernate ORM core version 6.6.5.Final
2025-02-26T21:36:40.463+09:00  INFO 9508 --- [kb6-back] [main] o.h.c.internal.RegionFactoryInitiator    : HHH000026: Second-level cache disabled
2025-02-26T21:36:40.748+09:00  INFO 9508 --- [kb6-back] [main] o.s.o.j.p.SpringPersistenceUnitInfo      : No LoadTimeWeaver setup: ignoring JPA class transformer
2025-02-26T21:36:40.776+09:00  INFO 9508 --- [kb6-back] [main] com.zaxxer.hikari.HikariDataSource       : HikariPool-1 - Starting...
2025-02-26T21:36:40.931+09:00  INFO 9508 --- [kb6-back] [main] com.zaxxer.hikari.pool.HikariPool        : HikariPool-1 - Added connection com.mysql.cj.jdbc.ConnectionImpl@19d27c27
2025-02-26T21:36:40.933+09:00  INFO 9508 --- [kb6-back] [main] com.zaxxer.hikari.HikariDataSource       : HikariPool-1 - Start completed.
2025-02-26T21:36:40.970+09:00  WARN 9508 --- [kb6-back] [main] org.hibernate.orm.deprecation            : HHH90000025: MySQL8Dialect does not need to be specified explicitly using 'hibernate.dialect' (remove the property setting and it will be selected by default)
2025-02-26T21:36:40.972+09:00  WARN 9508 --- [kb6-back] [main] org.hibernate.orm.deprecation            : HHH90000026: MySQL8Dialect has been deprecated; use org.hibernate.dialect.MySQLDialect instead
2025-02-26T21:36:40.993+09:00  INFO 9508 --- [kb6-back] [main] org.hibernate.orm.connections.pooling    : HHH10001005: Database info:
	Database JDBC URL [Connecting through datasource 'HikariDataSource (HikariPool-1)']
	Database driver: undefined/unknown
	Database version: 8.0
	Autocommit mode: undefined/unknown
	Isolation level: undefined/unknown
	Minimum pool size: undefined/unknown
	Maximum pool size: undefined/unknown
2025-02-26T21:36:41.624+09:00  INFO 9508 --- [kb6-back] [main] o.h.e.t.j.p.i.JtaPlatformInitiator       : HHH000489: No JTA platform available (set 'hibernate.transaction.jta.platform' to enable JTA platform integration)
2025-02-26T21:36:41.662+09:00  INFO 9508 --- [kb6-back] [main] j.LocalContainerEntityManagerFactoryBean : Initialized JPA EntityManagerFactory for persistence unit 'default'
2025-02-26T21:36:42.120+09:00  WARN 9508 --- [kb6-back] [main] JpaBaseConfiguration$JpaWebConfiguration : spring.jpa.open-in-view is enabled by default. Therefore, database queries may be performed during view rendering. Explicitly configure spring.jpa.open-in-view to disable this warning
2025-02-26T21:36:42.572+09:00  INFO 9508 --- [kb6-back] [main] o.s.b.w.embedded.tomcat.TomcatWebServer  : Tomcat started on port 8080 (http) with context path '/'
2025-02-26T21:36:42.583+09:00  INFO 9508 --- [kb6-back] [main] com.tetz.kb6_back.Kb6BackApplication     : Started Kb6BackApplication in 4.339 seconds (process running for 4.688)
2025-02-26T21:36:47.715+09:00  INFO 4364 --- [kb6-back] [main] com.tetz.kb6_back.Kb6BackApplication     : Starting Kb6BackApplication using Java 17.0.11 with PID 4364 (D:\git\kb6-back\kb6-back\build\classes\java\main started by lhs in D:\git\kb6-back)
2025-02-26T21:36:47.719+09:00  INFO 4364 --- [kb6-back] [main] com.tetz.kb6_back.Kb6BackApplication     : No active profile set, falling back to 1 default profile: "default"
2025-02-26T21:36:48.399+09:00  INFO 4364 --- [kb6-back] [main] .s.d.r.c.RepositoryConfigurationDelegate : Multiple Spring Data modules found, entering strict repository configuration mode
2025-02-26T21:36:48.400+09:00  INFO 4364 --- [kb6-back] [main] .s.d.r.c.RepositoryConfigurationDelegate : Bootstrapping Spring Data JPA repositories in DEFAULT mode.
2025-02-26T21:36:48.537+09:00  INFO 4364 --- [kb6-back] [main] .s.d.r.c.RepositoryConfigurationDelegate : Finished Spring Data repository scanning in 118 ms. Found 1 JPA repository interface.
2025-02-26T21:36:48.553+09:00  INFO 4364 --- [kb6-back] [main] .s.d.r.c.RepositoryConfigurationDelegate : Multiple Spring Data modules found, entering strict repository configuration mode
2025-02-26T21:36:48.555+09:00  INFO 4364 --- [kb6-back] [main] .s.d.r.c.RepositoryConfigurationDelegate : Bootstrapping Spring Data Redis repositories in DEFAULT mode.
2025-02-26T21:36:48.568+09:00  INFO 4364 --- [kb6-back] [main] .RepositoryConfigurationExtensionSupport : Spring Data Redis - Could not safely identify store assignment for repository candidate interface com.tetz.kb6_back.repository.UserSQLRepository; If you want this repository to be a Redis repository, consider annotating your entities with one of these annotations: org.springframework.data.redis.core.RedisHash (preferred), or consider extending one of the following types with your repository: org.springframework.data.keyvalue.repository.KeyValueRepository
2025-02-26T21:36:48.569+09:00  INFO 4364 --- [kb6-back] [main] .s.d.r.c.RepositoryConfigurationDelegate : Finished Spring Data repository scanning in 5 ms. Found 0 Redis repository interfaces.
2025-02-26T21:36:49.132+09:00  INFO 4364 --- [kb6-back] [main] o.s.b.w.embedded.tomcat.TomcatWebServer  : Tomcat initialized with port 8080 (http)
2025-02-26T21:36:49.146+09:00  INFO 4364 --- [kb6-back] [main] o.apache.catalina.core.StandardService   : Starting service [Tomcat]
2025-02-26T21:36:49.147+09:00  INFO 4364 --- [kb6-back] [main] o.apache.catalina.core.StandardEngine    : Starting Servlet engine: [Apache Tomcat/10.1.34]
2025-02-26T21:36:49.214+09:00  INFO 4364 --- [kb6-back] [main] o.a.c.c.C.[Tomcat].[localhost].[/]       : Initializing Spring embedded WebApplicationContext
2025-02-26T21:36:49.214+09:00  INFO 4364 --- [kb6-back] [main] w.s.c.ServletWebServerApplicationContext : Root WebApplicationContext: initialization completed in 1444 ms
2025-02-26T21:36:49.369+09:00  INFO 4364 --- [kb6-back] [main] o.hibernate.jpa.internal.util.LogHelper  : HHH000204: Processing PersistenceUnitInfo [name: default]
2025-02-26T21:36:49.425+09:00  INFO 4364 --- [kb6-back] [main] org.hibernate.Version                    : HHH000412: Hibernate ORM core version 6.6.5.Final
2025-02-26T21:36:49.463+09:00  INFO 4364 --- [kb6-back] [main] o.h.c.internal.RegionFactoryInitiator    : HHH000026: Second-level cache disabled
2025-02-26T21:36:49.752+09:00  INFO 4364 --- [kb6-back] [main] o.s.o.j.p.SpringPersistenceUnitInfo      : No LoadTimeWeaver setup: ignoring JPA class transformer
2025-02-26T21:36:49.783+09:00  INFO 4364 --- [kb6-back] [main] com.zaxxer.hikari.HikariDataSource       : HikariPool-1 - Starting...
2025-02-26T21:36:49.929+09:00  INFO 4364 --- [kb6-back] [main] com.zaxxer.hikari.pool.HikariPool        : HikariPool-1 - Added connection com.mysql.cj.jdbc.ConnectionImpl@57b1ec84
2025-02-26T21:36:49.931+09:00  INFO 4364 --- [kb6-back] [main] com.zaxxer.hikari.HikariDataSource       : HikariPool-1 - Start completed.
2025-02-26T21:36:49.964+09:00  WARN 4364 --- [kb6-back] [main] org.hibernate.orm.deprecation            : HHH90000025: MySQL8Dialect does not need to be specified explicitly using 'hibernate.dialect' (remove the property setting and it will be selected by default)
2025-02-26T21:36:49.964+09:00  WARN 4364 --- [kb6-back] [main] org.hibernate.orm.deprecation            : HHH90000026: MySQL8Dialect has been deprecated; use org.hibernate.dialect.MySQLDialect instead
2025-02-26T21:36:49.980+09:00  INFO 4364 --- [kb6-back] [main] org.hibernate.orm.connections.pooling    : HHH10001005: Database info:
	Database JDBC URL [Connecting through datasource 'HikariDataSource (HikariPool-1)']
	Database driver: undefined/unknown
	Database version: 8.0
	Autocommit mode: undefined/unknown
	Isolation level: undefined/unknown
	Minimum pool size: undefined/unknown
	Maximum pool size: undefined/unknown
2025-02-26T21:36:50.620+09:00  INFO 4364 --- [kb6-back] [main] o.h.e.t.j.p.i.JtaPlatformInitiator       : HHH000489: No JTA platform available (set 'hibernate.transaction.jta.platform' to enable JTA platform integration)
2025-02-26T21:36:50.655+09:00  INFO 4364 --- [kb6-back] [main] j.LocalContainerEntityManagerFactoryBean : Initialized JPA EntityManagerFactory for persistence unit 'default'
2025-02-26T21:36:51.099+09:00  WARN 4364 --- [kb6-back] [main] JpaBaseConfiguration$JpaWebConfiguration : spring.jpa.open-in-view is enabled by default. Therefore, database queries may be performed during view rendering. Explicitly configure spring.jpa.open-in-view to disable this warning
2025-02-26T21:36:51.480+09:00  INFO 4364 --- [kb6-back] [main] o.s.b.w.embedded.tomcat.TomcatWebServer  : Tomcat started on port 8080 (http) with context path '/'
2025-02-26T21:36:51.489+09:00  INFO 4364 --- [kb6-back] [main] com.tetz.kb6_back.Kb6BackApplication     : Started Kb6BackApplication in 4.227 seconds (process running for 4.604)
2025-02-26T21:37:02.908+09:00  INFO 4364 --- [kb6-back] [http-nio-8080-exec-1] o.a.c.c.C.[Tomcat].[localhost].[/]       : Initializing Spring DispatcherServlet 'dispatcherServlet'
2025-02-26T21:37:02.908+09:00  INFO 4364 --- [kb6-back] [http-nio-8080-exec-1] o.s.web.servlet.DispatcherServlet        : Initializing Servlet 'dispatcherServlet'
2025-02-26T21:37:02.910+09:00  INFO 4364 --- [kb6-back] [http-nio-8080-exec-1] o.s.web.servlet.DispatcherServlet        : Completed initialization in 1 ms
2025-02-26T21:37:02.967+09:00  INFO 4364 --- [kb6-back] [http-nio-8080-exec-1] c.t.k.service.PerformanceTestService     : 시작: Redis vs MySQL 성능 비교 테스트 (데이터 수: 1000)
2025-02-26T21:37:06.763+09:00  INFO 4364 --- [kb6-back] [http-nio-8080-exec-1] c.t.k.service.PerformanceTestService     : Redis 저장 시간: 728 ms
2025-02-26T21:37:06.764+09:00  INFO 4364 --- [kb6-back] [http-nio-8080-exec-1] c.t.k.service.PerformanceTestService     : MySQL 저장 시간: 3066 ms
2025-02-26T21:37:06.764+09:00  INFO 4364 --- [kb6-back] [http-nio-8080-exec-1] c.t.k.service.PerformanceTestService     : 저장 속도 비율: MySQL/Redis = 4.211538461538462
2025-02-26T21:37:08.168+09:00  INFO 4364 --- [kb6-back] [http-nio-8080-exec-1] c.t.k.service.PerformanceTestService     : Redis 조회 시간: 263 ms
2025-02-26T21:37:08.168+09:00  INFO 4364 --- [kb6-back] [http-nio-8080-exec-1] c.t.k.service.PerformanceTestService     : MySQL 조회 시간: 444 ms
2025-02-26T21:37:08.168+09:00  INFO 4364 --- [kb6-back] [http-nio-8080-exec-1] c.t.k.service.PerformanceTestService     : 조회 속도 비율: MySQL/Redis = 1.688212927756654
2025-02-26T21:37:08.169+09:00  INFO 4364 --- [kb6-back] [http-nio-8080-exec-1] c.t.k.service.PerformanceTestService     : 대량 데이터 개별 조회 테스트 시작...
2025-02-26T21:37:10.950+09:00  INFO 4364 --- [kb6-back] [http-nio-8080-exec-1] c.t.k.service.PerformanceTestService     : Redis 대량 조회 시간: 145 ms
2025-02-26T21:37:10.951+09:00  INFO 4364 --- [kb6-back] [http-nio-8080-exec-1] c.t.k.service.PerformanceTestService     : MySQL 대량 조회 시간: 355 ms
2025-02-26T21:37:10.951+09:00  INFO 4364 --- [kb6-back] [http-nio-8080-exec-1] c.t.k.service.PerformanceTestService     : 대량 조회 속도 비율: MySQL/Redis = 2.4482758620689653
2025-02-26T21:37:10.951+09:00  INFO 4364 --- [kb6-back] [http-nio-8080-exec-1] c.t.k.service.PerformanceTestService     : MySQL 전체 조회 테스트 시작...
2025-02-26T21:37:13.394+09:00  INFO 4364 --- [kb6-back] [http-nio-8080-exec-1] c.t.k.service.PerformanceTestService     : MySQL 전체 조회 시간: 296 ms
2025-02-26T21:37:13.394+09:00  INFO 4364 --- [kb6-back] [http-nio-8080-exec-1] c.t.k.service.PerformanceTestService     : 테스트 완료!
